mode: set
hourglass-rejections-rpa/cmd/generate-key/main.go:17.13,20.2 2 0
hourglass-rejections-rpa/cmd/generate-key/main.go:22.36,25.16 3 1
hourglass-rejections-rpa/cmd/generate-key/main.go:25.16,27.3 1 1
hourglass-rejections-rpa/cmd/generate-key/main.go:28.2,28.13 1 1
hourglass-rejections-rpa/cmd/generate-key/main.go:28.13,30.3 1 1
hourglass-rejections-rpa/cmd/generate-key/main.go:31.2,31.17 1 1
hourglass-rejections-rpa/cmd/generate-key/main.go:34.35,36.2 1 1
hourglass-rejections-rpa/cmd/generate-key/main.go:38.40,40.16 2 1
hourglass-rejections-rpa/cmd/generate-key/main.go:40.16,43.3 2 1
hourglass-rejections-rpa/cmd/generate-key/main.go:45.2,50.10 5 1
hourglass-rejections-rpa/internal/cache/rejection.go:17.28,19.2 1 1
hourglass-rejections-rpa/internal/cache/rejection.go:21.75,25.54 3 1
hourglass-rejections-rpa/internal/cache/rejection.go:25.54,29.3 3 1
hourglass-rejections-rpa/internal/cache/rejection.go:31.2,31.55 1 1
hourglass-rejections-rpa/internal/cache/rejection.go:31.55,34.3 2 1
hourglass-rejections-rpa/internal/cache/rejection.go:36.2,36.45 1 1
hourglass-rejections-rpa/internal/cache/rejection.go:36.45,40.3 3 1
hourglass-rejections-rpa/internal/cache/rejection.go:42.2,42.36 1 1
hourglass-rejections-rpa/internal/cache/rejection.go:42.36,44.77 2 1
hourglass-rejections-rpa/internal/cache/rejection.go:44.77,48.4 3 1
hourglass-rejections-rpa/internal/cache/rejection.go:51.2,55.14 3 1
hourglass-rejections-rpa/internal/cache/rejection.go:58.48,62.2 3 1
hourglass-rejections-rpa/internal/scheduler/scheduler.go:30.104,38.2 1 1
hourglass-rejections-rpa/internal/scheduler/scheduler.go:40.52,45.2 3 1
hourglass-rejections-rpa/internal/scheduler/scheduler.go:47.83,53.6 4 1
hourglass-rejections-rpa/internal/scheduler/scheduler.go:53.6,54.10 1 1
hourglass-rejections-rpa/internal/scheduler/scheduler.go:55.21,57.14 2 1
hourglass-rejections-rpa/internal/scheduler/scheduler.go:58.26,59.27 1 1
hourglass-rejections-rpa/internal/scheduler/scheduler.go:59.27,60.13 1 1
hourglass-rejections-rpa/internal/scheduler/scheduler.go:63.4,66.45 3 1
hourglass-rejections-rpa/internal/scheduler/scheduler.go:66.45,68.5 1 0
hourglass-rejections-rpa/internal/scheduler/scheduler.go:70.4,71.70 2 1
hourglass-rejections-rpa/internal/scheduler/scheduler.go:76.68,80.28 3 1
hourglass-rejections-rpa/internal/scheduler/scheduler.go:80.28,83.3 2 1
hourglass-rejections-rpa/internal/scheduler/scheduler.go:83.8,86.3 2 1
hourglass-rejections-rpa/internal/scheduler/scheduler.go:88.2,88.17 1 1
hourglass-rejections-rpa/internal/scheduler/scheduler.go:91.60,95.35 3 1
hourglass-rejections-rpa/internal/scheduler/scheduler.go:95.35,99.17 3 1
hourglass-rejections-rpa/internal/scheduler/scheduler.go:99.17,101.12 2 1
hourglass-rejections-rpa/internal/scheduler/scheduler.go:104.3,104.26 1 1
hourglass-rejections-rpa/internal/scheduler/scheduler.go:104.26,106.12 2 1
hourglass-rejections-rpa/internal/scheduler/scheduler.go:109.3,111.32 2 1
hourglass-rejections-rpa/internal/scheduler/scheduler.go:111.32,114.4 2 1
hourglass-rejections-rpa/internal/scheduler/scheduler.go:117.2,117.43 1 1
hourglass-rejections-rpa/internal/scheduler/scheduler.go:120.75,121.26 1 1
hourglass-rejections-rpa/internal/scheduler/scheduler.go:121.26,123.3 1 1
hourglass-rejections-rpa/internal/scheduler/scheduler.go:125.2,125.37 1 1
hourglass-rejections-rpa/internal/scheduler/scheduler.go:125.37,128.3 2 1
hourglass-rejections-rpa/internal/scheduler/scheduler.go:130.2,130.12 1 1
hourglass-rejections-rpa/internal/config/config.go:35.30,37.39 2 1
hourglass-rejections-rpa/internal/config/config.go:37.39,39.3 1 1
hourglass-rejections-rpa/internal/config/config.go:40.2,40.17 1 1
hourglass-rejections-rpa/internal/api/analyzer.go:20.50,27.2 1 1
hourglass-rejections-rpa/internal/api/analyzer.go:30.49,32.2 1 1
hourglass-rejections-rpa/internal/api/analyzer.go:35.52,37.2 1 1
hourglass-rejections-rpa/internal/api/analyzer.go:41.81,45.27 2 1
hourglass-rejections-rpa/internal/api/analyzer.go:45.27,46.39 1 1
hourglass-rejections-rpa/internal/api/analyzer.go:46.39,52.4 1 1
hourglass-rejections-rpa/internal/api/analyzer.go:55.2,58.17 3 1
hourglass-rejections-rpa/internal/api/analyzer.go:59.42,60.46 1 1
hourglass-rejections-rpa/internal/api/analyzer.go:61.28,62.36 1 1
hourglass-rejections-rpa/internal/api/analyzer.go:63.49,64.48 1 1
hourglass-rejections-rpa/internal/api/analyzer.go:65.51,66.46 1 1
hourglass-rejections-rpa/internal/api/analyzer.go:67.10,72.9 1 1
hourglass-rejections-rpa/internal/api/analyzer.go:75.2,75.16 1 1
hourglass-rejections-rpa/internal/api/analyzer.go:75.16,81.3 1 1
hourglass-rejections-rpa/internal/api/analyzer.go:83.2,89.8 1 1
hourglass-rejections-rpa/internal/api/analyzer.go:93.41,95.16 2 1
hourglass-rejections-rpa/internal/api/analyzer.go:95.16,97.3 1 1
hourglass-rejections-rpa/internal/api/analyzer.go:99.2,99.23 1 1
hourglass-rejections-rpa/internal/api/analyzer.go:99.23,101.3 1 1
hourglass-rejections-rpa/internal/api/analyzer.go:103.2,103.12 1 1
hourglass-rejections-rpa/internal/api/analyzer.go:107.54,108.41 1 1
hourglass-rejections-rpa/internal/api/analyzer.go:108.41,109.28 1 1
hourglass-rejections-rpa/internal/api/analyzer.go:109.28,111.4 1 1
hourglass-rejections-rpa/internal/api/analyzer.go:112.3,112.61 1 1
hourglass-rejections-rpa/internal/api/analyzer.go:114.2,114.39 1 1
hourglass-rejections-rpa/internal/api/analyzer.go:119.75,125.16 4 1
hourglass-rejections-rpa/internal/api/analyzer.go:125.16,127.3 1 1
hourglass-rejections-rpa/internal/api/analyzer.go:129.2,132.38 3 1
hourglass-rejections-rpa/internal/api/analyzer.go:132.38,134.33 1 1
hourglass-rejections-rpa/internal/api/analyzer.go:134.33,142.4 1 1
hourglass-rejections-rpa/internal/api/analyzer.go:145.2,145.23 1 1
hourglass-rejections-rpa/internal/api/analyzer.go:149.48,151.21 2 1
hourglass-rejections-rpa/internal/api/analyzer.go:151.21,153.3 1 1
hourglass-rejections-rpa/internal/api/analyzer.go:154.2,154.62 1 1
hourglass-rejections-rpa/internal/api/analyzer.go:158.50,159.18 1 1
hourglass-rejections-rpa/internal/api/analyzer.go:160.13,161.39 1 1
hourglass-rejections-rpa/internal/api/analyzer.go:162.15,163.18 1 1
hourglass-rejections-rpa/internal/api/analyzer.go:164.17,165.19 1 1
hourglass-rejections-rpa/internal/api/analyzer.go:166.14,167.21 1 1
hourglass-rejections-rpa/internal/api/analyzer.go:168.19,169.21 1 1
hourglass-rejections-rpa/internal/api/analyzer.go:170.16,171.31 1 1
hourglass-rejections-rpa/internal/api/analyzer.go:172.12,173.29 1 1
hourglass-rejections-rpa/internal/api/analyzer.go:174.10,175.18 1 1
hourglass-rejections-rpa/internal/api/analyzer.go:181.65,187.16 4 1
hourglass-rejections-rpa/internal/api/analyzer.go:187.16,189.3 1 1
hourglass-rejections-rpa/internal/api/analyzer.go:191.2,194.38 3 1
hourglass-rejections-rpa/internal/api/analyzer.go:194.38,196.33 1 1
hourglass-rejections-rpa/internal/api/analyzer.go:196.33,204.4 1 1
hourglass-rejections-rpa/internal/api/analyzer.go:207.2,207.23 1 1
hourglass-rejections-rpa/internal/api/analyzer.go:212.77,218.16 4 1
hourglass-rejections-rpa/internal/api/analyzer.go:218.16,220.3 1 1
hourglass-rejections-rpa/internal/api/analyzer.go:222.2,225.38 3 1
hourglass-rejections-rpa/internal/api/analyzer.go:225.38,227.33 1 1
hourglass-rejections-rpa/internal/api/analyzer.go:227.33,235.4 1 1
hourglass-rejections-rpa/internal/api/analyzer.go:238.2,238.23 1 1
hourglass-rejections-rpa/internal/api/analyzer.go:242.75,247.16 4 1
hourglass-rejections-rpa/internal/api/analyzer.go:247.16,249.3 1 1
hourglass-rejections-rpa/internal/api/analyzer.go:252.2,253.16 2 1
hourglass-rejections-rpa/internal/api/analyzer.go:253.16,255.3 1 1
hourglass-rejections-rpa/internal/api/analyzer.go:258.2,259.35 2 1
hourglass-rejections-rpa/internal/api/analyzer.go:259.35,261.36 1 1
hourglass-rejections-rpa/internal/api/analyzer.go:261.36,263.4 1 1
hourglass-rejections-rpa/internal/api/analyzer.go:265.3,265.35 1 1
hourglass-rejections-rpa/internal/api/analyzer.go:265.35,267.4 1 1
hourglass-rejections-rpa/internal/api/analyzer.go:269.3,269.36 1 1
hourglass-rejections-rpa/internal/api/analyzer.go:269.36,271.4 1 1
hourglass-rejections-rpa/internal/api/analyzer.go:274.2,277.38 3 1
hourglass-rejections-rpa/internal/api/analyzer.go:277.38,278.33 1 1
hourglass-rejections-rpa/internal/api/analyzer.go:278.33,281.19 2 1
hourglass-rejections-rpa/internal/api/analyzer.go:281.19,283.5 1 1
hourglass-rejections-rpa/internal/api/analyzer.go:285.4,291.6 1 1
hourglass-rejections-rpa/internal/api/analyzer.go:295.2,295.23 1 1
hourglass-rejections-rpa/internal/api/analyzer.go:299.42,300.14 1 1
hourglass-rejections-rpa/internal/api/analyzer.go:301.14,302.25 1 1
hourglass-rejections-rpa/internal/api/analyzer.go:303.10,304.28 1 1
hourglass-rejections-rpa/internal/api/analyzer.go:305.10,306.21 1 1
hourglass-rejections-rpa/internal/api/analyzer.go:307.10,308.20 1 1
hourglass-rejections-rpa/internal/api/analyzer.go:309.10,310.33 1 1
hourglass-rejections-rpa/internal/api/analyzer.go:311.10,312.30 1 1
hourglass-rejections-rpa/internal/api/analyzer.go:313.10,314.53 1 1
hourglass-rejections-rpa/internal/api/analyzer.go:319.72,323.35 3 1
hourglass-rejections-rpa/internal/api/analyzer.go:323.35,326.3 2 1
hourglass-rejections-rpa/internal/api/analyzer.go:328.2,328.21 1 1
hourglass-rejections-rpa/internal/api/client.go:26.26,35.2 2 1
hourglass-rejections-rpa/internal/api/client.go:38.44,40.2 1 0
hourglass-rejections-rpa/internal/api/client.go:43.45,45.2 1 1
hourglass-rejections-rpa/internal/api/client.go:49.45,53.16 3 1
hourglass-rejections-rpa/internal/api/client.go:53.16,55.3 1 1
hourglass-rejections-rpa/internal/api/client.go:57.2,61.16 4 1
hourglass-rejections-rpa/internal/api/client.go:61.16,63.3 1 1
hourglass-rejections-rpa/internal/api/client.go:64.2,66.38 2 1
hourglass-rejections-rpa/internal/api/client.go:66.38,69.3 2 1
hourglass-rejections-rpa/internal/api/client.go:71.2,72.69 2 1
hourglass-rejections-rpa/internal/api/client.go:72.69,74.3 1 1
hourglass-rejections-rpa/internal/api/client.go:76.2,76.28 1 1
hourglass-rejections-rpa/internal/api/client.go:81.76,85.16 3 1
hourglass-rejections-rpa/internal/api/client.go:85.16,87.3 1 1
hourglass-rejections-rpa/internal/api/client.go:89.2,93.16 4 1
hourglass-rejections-rpa/internal/api/client.go:93.16,95.3 1 1
hourglass-rejections-rpa/internal/api/client.go:96.2,98.38 2 1
hourglass-rejections-rpa/internal/api/client.go:98.38,101.3 2 1
hourglass-rejections-rpa/internal/api/client.go:103.2,104.71 2 1
hourglass-rejections-rpa/internal/api/client.go:104.71,106.3 1 1
hourglass-rejections-rpa/internal/api/client.go:108.2,108.24 1 1
hourglass-rejections-rpa/internal/api/client.go:113.80,117.16 3 1
hourglass-rejections-rpa/internal/api/client.go:117.16,119.3 1 1
hourglass-rejections-rpa/internal/api/client.go:121.2,125.16 4 1
hourglass-rejections-rpa/internal/api/client.go:125.16,127.3 1 1
hourglass-rejections-rpa/internal/api/client.go:128.2,130.38 2 1
hourglass-rejections-rpa/internal/api/client.go:130.38,133.3 2 1
hourglass-rejections-rpa/internal/api/client.go:135.2,136.69 2 1
hourglass-rejections-rpa/internal/api/client.go:136.69,138.3 1 1
hourglass-rejections-rpa/internal/api/client.go:140.2,140.22 1 1
hourglass-rejections-rpa/internal/api/client.go:145.96,149.16 3 1
hourglass-rejections-rpa/internal/api/client.go:149.16,151.3 1 1
hourglass-rejections-rpa/internal/api/client.go:153.2,157.16 4 1
hourglass-rejections-rpa/internal/api/client.go:157.16,159.3 1 1
hourglass-rejections-rpa/internal/api/client.go:160.2,162.38 2 1
hourglass-rejections-rpa/internal/api/client.go:162.38,165.3 2 1
hourglass-rejections-rpa/internal/api/client.go:167.2,168.74 2 1
hourglass-rejections-rpa/internal/api/client.go:168.74,170.3 1 1
hourglass-rejections-rpa/internal/api/client.go:172.2,172.27 1 1
hourglass-rejections-rpa/internal/api/client.go:176.48,179.23 3 1
hourglass-rejections-rpa/internal/api/client.go:179.23,181.3 1 1
hourglass-rejections-rpa/internal/api/client.go:185.48,186.21 1 1
hourglass-rejections-rpa/internal/api/client.go:186.21,192.3 1 0
hourglass-rejections-rpa/cmd/rpa/helpers.go:8.43,10.2 1 1
hourglass-rejections-rpa/cmd/rpa/helpers.go:12.39,13.32 1 1
hourglass-rejections-rpa/cmd/rpa/helpers.go:13.32,15.3 1 1
hourglass-rejections-rpa/cmd/rpa/helpers.go:16.2,17.45 2 1
hourglass-rejections-rpa/cmd/rpa/helpers.go:17.45,19.17 2 1
hourglass-rejections-rpa/cmd/rpa/helpers.go:19.17,21.4 1 1
hourglass-rejections-rpa/cmd/rpa/helpers.go:23.2,23.15 1 1
hourglass-rejections-rpa/cmd/rpa/main.go:29.13,31.2 1 1
hourglass-rejections-rpa/cmd/rpa/main.go:33.21,41.37 2 1
hourglass-rejections-rpa/cmd/rpa/main.go:41.37,42.46 1 1
hourglass-rejections-rpa/cmd/rpa/main.go:42.46,43.50 1 1
hourglass-rejections-rpa/cmd/rpa/main.go:43.50,45.5 1 0
hourglass-rejections-rpa/cmd/rpa/main.go:48.2,48.21 1 1
hourglass-rejections-rpa/cmd/rpa/main.go:51.13,58.56 2 0
hourglass-rejections-rpa/cmd/rpa/main.go:58.56,59.24 1 0
hourglass-rejections-rpa/cmd/rpa/main.go:59.24,61.4 1 0
hourglass-rejections-rpa/cmd/rpa/main.go:62.3,62.15 1 0
hourglass-rejections-rpa/cmd/rpa/main.go:66.54,70.44 3 1
hourglass-rejections-rpa/cmd/rpa/main.go:70.44,72.3 1 1
hourglass-rejections-rpa/cmd/rpa/main.go:74.2,77.16 3 1
hourglass-rejections-rpa/cmd/rpa/main.go:77.16,79.3 1 0
hourglass-rejections-rpa/cmd/rpa/main.go:81.2,82.30 2 1
hourglass-rejections-rpa/cmd/rpa/main.go:82.30,84.3 1 0
hourglass-rejections-rpa/cmd/rpa/main.go:86.2,93.15 5 1
hourglass-rejections-rpa/cmd/rpa/main.go:93.15,96.3 2 1
hourglass-rejections-rpa/cmd/rpa/main.go:98.2,98.61 1 0
hourglass-rejections-rpa/cmd/rpa/main.go:101.33,104.24 3 1
hourglass-rejections-rpa/cmd/rpa/main.go:104.24,106.3 1 1
hourglass-rejections-rpa/cmd/rpa/main.go:107.2,108.20 2 1
hourglass-rejections-rpa/cmd/rpa/main.go:111.53,118.2 2 1
hourglass-rejections-rpa/cmd/rpa/main.go:120.85,122.34 2 1
hourglass-rejections-rpa/cmd/rpa/main.go:122.34,124.3 1 1
hourglass-rejections-rpa/cmd/rpa/main.go:125.2,125.32 1 1
hourglass-rejections-rpa/cmd/rpa/main.go:125.32,127.3 1 1
hourglass-rejections-rpa/cmd/rpa/main.go:129.2,131.24 3 1
hourglass-rejections-rpa/cmd/rpa/main.go:134.149,135.73 1 1
hourglass-rejections-rpa/cmd/rpa/main.go:135.73,137.3 1 1
hourglass-rejections-rpa/cmd/rpa/main.go:138.2,138.12 1 0
hourglass-rejections-rpa/cmd/rpa/main.go:141.149,144.12 2 0
hourglass-rejections-rpa/cmd/rpa/main.go:144.12,146.44 2 0
hourglass-rejections-rpa/cmd/rpa/main.go:146.44,148.4 1 0
hourglass-rejections-rpa/cmd/rpa/main.go:151.2,152.39 2 0
hourglass-rejections-rpa/cmd/rpa/main.go:152.39,154.3 1 0
hourglass-rejections-rpa/cmd/rpa/main.go:156.2,156.12 1 0
hourglass-rejections-rpa/cmd/rpa/main.go:159.145,161.2 1 1
hourglass-rejections-rpa/internal/metrics/grafana.go:28.30,29.22 1 1
hourglass-rejections-rpa/internal/metrics/grafana.go:29.22,31.3 1 1
hourglass-rejections-rpa/internal/metrics/grafana.go:33.2,38.3 1 1
hourglass-rejections-rpa/internal/metrics/grafana.go:42.70,43.16 1 1
hourglass-rejections-rpa/internal/metrics/grafana.go:43.16,45.3 1 1
hourglass-rejections-rpa/internal/metrics/grafana.go:47.2,57.31 2 1
hourglass-rejections-rpa/internal/metrics/grafana.go:61.67,62.16 1 1
hourglass-rejections-rpa/internal/metrics/grafana.go:62.16,64.3 1 1
hourglass-rejections-rpa/internal/metrics/grafana.go:66.2,77.45 2 1
hourglass-rejections-rpa/internal/metrics/grafana.go:77.45,83.3 1 1
hourglass-rejections-rpa/internal/metrics/grafana.go:85.2,85.31 1 1
hourglass-rejections-rpa/internal/metrics/grafana.go:89.52,90.22 1 1
hourglass-rejections-rpa/internal/metrics/grafana.go:90.22,92.3 1 1
hourglass-rejections-rpa/internal/metrics/grafana.go:94.2,95.16 2 1
hourglass-rejections-rpa/internal/metrics/grafana.go:95.16,97.3 1 1
hourglass-rejections-rpa/internal/metrics/grafana.go:99.2,103.16 4 1
hourglass-rejections-rpa/internal/metrics/grafana.go:103.16,105.3 1 1
hourglass-rejections-rpa/internal/metrics/grafana.go:106.2,108.38 2 1
hourglass-rejections-rpa/internal/metrics/grafana.go:108.38,110.3 1 1
hourglass-rejections-rpa/internal/metrics/grafana.go:112.2,112.12 1 1
hourglass-rejections-rpa/internal/metrics/grafana.go:116.35,118.2 1 1
hourglass-rejections-rpa/internal/logger/logger.go:26.35,30.20 2 1
hourglass-rejections-rpa/internal/logger/logger.go:31.16,32.21 1 1
hourglass-rejections-rpa/internal/logger/logger.go:33.16,34.21 1 1
hourglass-rejections-rpa/internal/logger/logger.go:35.10,36.21 1 1
hourglass-rejections-rpa/internal/logger/logger.go:37.10,39.30 2 1
hourglass-rejections-rpa/internal/logger/logger.go:39.30,41.4 1 1
hourglass-rejections-rpa/internal/logger/logger.go:42.3,48.4 1 1
hourglass-rejections-rpa/internal/logger/logger.go:52.2,55.20 2 1
hourglass-rejections-rpa/internal/logger/logger.go:56.25,61.26 5 1
hourglass-rejections-rpa/internal/logger/logger.go:62.14,63.83 1 1
hourglass-rejections-rpa/internal/logger/logger.go:64.10,65.83 1 1
hourglass-rejections-rpa/internal/logger/logger.go:69.45,70.15 1 1
hourglass-rejections-rpa/internal/logger/logger.go:71.23,72.24 1 1
hourglass-rejections-rpa/internal/logger/logger.go:73.22,74.23 1 1
hourglass-rejections-rpa/internal/logger/logger.go:75.22,76.23 1 1
hourglass-rejections-rpa/internal/logger/logger.go:77.23,78.24 1 1
hourglass-rejections-rpa/internal/logger/logger.go:79.10,80.23 1 1
hourglass-rejections-rpa/internal/logger/logger.go:84.42,85.15 1 1
hourglass-rejections-rpa/internal/logger/logger.go:86.15,87.25 1 1
hourglass-rejections-rpa/internal/logger/logger.go:88.14,89.24 1 1
hourglass-rejections-rpa/internal/logger/logger.go:90.14,91.24 1 1
hourglass-rejections-rpa/internal/logger/logger.go:92.15,93.25 1 1
hourglass-rejections-rpa/internal/logger/logger.go:94.10,95.24 1 1
hourglass-rejections-rpa/internal/logger/logger.go:100.29,111.2 1 1
hourglass-rejections-rpa/internal/logger/logger.go:114.27,121.2 1 1
hourglass-rejections-rpa/internal/logger/logger.go:124.34,135.2 1 1
hourglass-rejections-rpa/internal/preferences/manager.go:11.69,13.2 1 1
hourglass-rejections-rpa/internal/preferences/manager.go:15.73,17.2 1 1
hourglass-rejections-rpa/internal/preferences/manager.go:19.98,21.16 2 1
hourglass-rejections-rpa/internal/preferences/manager.go:21.16,23.3 1 1
hourglass-rejections-rpa/internal/preferences/manager.go:24.2,24.17 1 1
hourglass-rejections-rpa/internal/preferences/manager.go:24.17,26.3 1 1
hourglass-rejections-rpa/internal/preferences/manager.go:28.2,38.47 4 1
hourglass-rejections-rpa/internal/preferences/manager.go:38.47,40.3 1 1
hourglass-rejections-rpa/internal/preferences/manager.go:41.2,41.21 1 1
hourglass-rejections-rpa/internal/preferences/manager.go:44.84,46.16 2 1
hourglass-rejections-rpa/internal/preferences/manager.go:46.16,48.3 1 1
hourglass-rejections-rpa/internal/preferences/manager.go:49.2,49.17 1 1
hourglass-rejections-rpa/internal/preferences/manager.go:49.17,51.3 1 1
hourglass-rejections-rpa/internal/preferences/manager.go:53.2,55.28 3 1
hourglass-rejections-rpa/internal/preferences/manager.go:58.78,60.16 2 1
hourglass-rejections-rpa/internal/preferences/manager.go:60.16,62.3 1 1
hourglass-rejections-rpa/internal/preferences/manager.go:63.2,63.17 1 1
hourglass-rejections-rpa/internal/preferences/manager.go:63.17,65.3 1 1
hourglass-rejections-rpa/internal/preferences/manager.go:67.2,69.28 3 1
hourglass-rejections-rpa/internal/preferences/manager.go:72.63,74.2 1 1
hourglass-rejections-rpa/internal/preferences/store.go:54.46,56.74 2 1
hourglass-rejections-rpa/internal/preferences/store.go:56.74,58.3 1 1
hourglass-rejections-rpa/internal/preferences/store.go:59.2,59.17 1 1
hourglass-rejections-rpa/internal/preferences/store.go:62.57,64.16 2 1
hourglass-rejections-rpa/internal/preferences/store.go:64.16,66.3 1 0
hourglass-rejections-rpa/internal/preferences/store.go:67.2,67.31 1 1
hourglass-rejections-rpa/internal/preferences/store.go:75.46,77.54 1 1
hourglass-rejections-rpa/internal/preferences/store.go:77.54,79.3 1 0
hourglass-rejections-rpa/internal/preferences/store.go:81.2,84.16 2 1
hourglass-rejections-rpa/internal/preferences/store.go:84.16,86.3 1 0
hourglass-rejections-rpa/internal/preferences/store.go:88.2,93.88 5 1
hourglass-rejections-rpa/internal/preferences/store.go:93.88,95.3 1 0
hourglass-rejections-rpa/internal/preferences/store.go:97.2,97.53 1 1
hourglass-rejections-rpa/internal/preferences/store.go:97.53,99.3 1 0
hourglass-rejections-rpa/internal/preferences/store.go:101.2,101.28 1 1
hourglass-rejections-rpa/internal/preferences/store.go:104.49,106.29 2 1
hourglass-rejections-rpa/internal/preferences/store.go:106.29,108.3 1 1
hourglass-rejections-rpa/internal/preferences/store.go:111.2,111.47 1 1
hourglass-rejections-rpa/internal/preferences/store.go:111.47,113.3 1 0
hourglass-rejections-rpa/internal/preferences/store.go:115.2,115.12 1 1
hourglass-rejections-rpa/internal/preferences/store.go:118.48,120.72 1 1
hourglass-rejections-rpa/internal/preferences/store.go:120.72,122.3 1 1
hourglass-rejections-rpa/internal/preferences/store.go:124.2,124.31 1 1
hourglass-rejections-rpa/internal/preferences/store.go:127.60,130.44 3 1
hourglass-rejections-rpa/internal/preferences/store.go:130.44,132.3 1 1
hourglass-rejections-rpa/internal/preferences/store.go:135.2,137.28 2 1
hourglass-rejections-rpa/internal/preferences/store.go:140.50,142.33 1 1
hourglass-rejections-rpa/internal/preferences/store.go:142.33,144.3 1 1
hourglass-rejections-rpa/internal/preferences/store.go:146.2,147.18 2 1
hourglass-rejections-rpa/internal/preferences/store.go:147.18,149.3 1 1
hourglass-rejections-rpa/internal/preferences/store.go:151.2,151.46 1 1
hourglass-rejections-rpa/internal/preferences/store.go:151.46,153.3 1 0
hourglass-rejections-rpa/internal/preferences/store.go:155.2,156.12 2 1
hourglass-rejections-rpa/internal/preferences/store.go:159.44,161.77 2 1
hourglass-rejections-rpa/internal/preferences/store.go:161.77,163.3 1 1
hourglass-rejections-rpa/internal/preferences/store.go:165.2,167.74 2 1
hourglass-rejections-rpa/internal/preferences/store.go:170.50,175.29 3 1
hourglass-rejections-rpa/internal/preferences/store.go:175.29,177.3 1 1
hourglass-rejections-rpa/internal/preferences/store.go:179.2,179.28 1 1
hourglass-rejections-rpa/internal/preferences/store.go:182.64,190.2 1 1
hourglass-rejections-rpa/internal/preferences/store.go:192.89,199.2 1 1
hourglass-rejections-rpa/internal/preferences/store.go:201.70,204.44 3 1
hourglass-rejections-rpa/internal/preferences/store.go:204.44,206.3 1 1
hourglass-rejections-rpa/internal/preferences/store.go:207.2,207.39 1 1
hourglass-rejections-rpa/internal/preferences/store.go:211.53,214.2 2 1
hourglass-rejections-rpa/internal/preferences/store.go:216.31,218.16 2 1
hourglass-rejections-rpa/internal/preferences/store.go:218.16,220.3 1 0
hourglass-rejections-rpa/internal/preferences/store.go:221.2,221.22 1 1
hourglass-rejections-rpa/internal/notifier/resend.go:25.65,32.2 1 1
hourglass-rejections-rpa/internal/notifier/resend.go:35.90,49.2 3 1
hourglass-rejections-rpa/internal/notifier/resend.go:52.71,66.2 3 1
hourglass-rejections-rpa/internal/notifier/resend.go:69.73,72.45 2 1
hourglass-rejections-rpa/internal/notifier/resend.go:72.45,74.3 1 1
hourglass-rejections-rpa/internal/notifier/resend.go:76.2,93.35 3 1
hourglass-rejections-rpa/internal/notifier/resend.go:97.68,106.16 3 1
hourglass-rejections-rpa/internal/notifier/resend.go:106.16,108.3 1 0
hourglass-rejections-rpa/internal/notifier/resend.go:110.2,111.16 2 1
hourglass-rejections-rpa/internal/notifier/resend.go:111.16,113.3 1 0
hourglass-rejections-rpa/internal/notifier/resend.go:115.2,119.16 4 1
hourglass-rejections-rpa/internal/notifier/resend.go:119.16,121.3 1 1
hourglass-rejections-rpa/internal/notifier/resend.go:122.2,124.79 2 1
hourglass-rejections-rpa/internal/notifier/resend.go:124.79,126.3 1 1
hourglass-rejections-rpa/internal/notifier/resend.go:128.2,128.12 1 1
hourglass-rejections-rpa/internal/notifier/telegram.go:37.100,38.17 1 1
hourglass-rejections-rpa/internal/notifier/telegram.go:38.17,40.3 1 1
hourglass-rejections-rpa/internal/notifier/telegram.go:42.2,42.17 1 1
hourglass-rejections-rpa/internal/notifier/telegram.go:42.17,44.3 1 1
hourglass-rejections-rpa/internal/notifier/telegram.go:46.2,46.104 1 0
hourglass-rejections-rpa/internal/notifier/telegram.go:46.105,48.3 0 0
hourglass-rejections-rpa/internal/notifier/telegram.go:49.2,49.16 1 0
hourglass-rejections-rpa/internal/notifier/telegram.go:49.16,51.3 1 0
hourglass-rejections-rpa/internal/notifier/telegram.go:53.2,57.8 1 0
hourglass-rejections-rpa/internal/notifier/telegram.go:61.60,62.27 1 1
hourglass-rejections-rpa/internal/notifier/telegram.go:62.27,64.3 1 1
hourglass-rejections-rpa/internal/notifier/telegram.go:65.2,65.33 1 1
hourglass-rejections-rpa/internal/notifier/telegram.go:65.33,66.19 1 1
hourglass-rejections-rpa/internal/notifier/telegram.go:66.19,68.4 1 1
hourglass-rejections-rpa/internal/notifier/telegram.go:70.2,70.14 1 1
hourglass-rejections-rpa/internal/notifier/telegram.go:73.88,74.29 1 1
hourglass-rejections-rpa/internal/notifier/telegram.go:74.29,76.3 1 1
hourglass-rejections-rpa/internal/notifier/telegram.go:78.2,84.16 2 1
hourglass-rejections-rpa/internal/notifier/telegram.go:84.16,86.3 1 1
hourglass-rejections-rpa/internal/notifier/telegram.go:88.2,88.12 1 0
hourglass-rejections-rpa/internal/notifier/telegram.go:92.105,93.26 1 1
hourglass-rejections-rpa/internal/notifier/telegram.go:93.26,95.3 1 1
hourglass-rejections-rpa/internal/notifier/telegram.go:97.2,97.29 1 1
hourglass-rejections-rpa/internal/notifier/telegram.go:97.29,99.3 1 1
hourglass-rejections-rpa/internal/notifier/telegram.go:102.2,106.31 4 1
hourglass-rejections-rpa/internal/notifier/telegram.go:106.31,112.3 5 1
hourglass-rejections-rpa/internal/notifier/telegram.go:115.2,121.16 2 1
hourglass-rejections-rpa/internal/notifier/telegram.go:121.16,123.3 1 1
hourglass-rejections-rpa/internal/notifier/telegram.go:125.2,125.12 1 0
hourglass-rejections-rpa/internal/notifier/telegram.go:129.48,131.2 1 1
hourglass-rejections-rpa/internal/notifier/telegram.go:133.75,137.2 3 1
hourglass-rejections-rpa/internal/notifier/telegram.go:140.108,141.24 1 1
hourglass-rejections-rpa/internal/notifier/telegram.go:141.24,143.3 1 1
hourglass-rejections-rpa/internal/notifier/telegram.go:145.2,172.16 14 1
hourglass-rejections-rpa/internal/notifier/telegram.go:172.16,174.3 1 1
hourglass-rejections-rpa/internal/notifier/telegram.go:176.2,183.12 6 0
hourglass-rejections-rpa/internal/notifier/telegram.go:187.44,191.25 3 1
hourglass-rejections-rpa/internal/notifier/telegram.go:191.25,194.3 2 0
hourglass-rejections-rpa/internal/notifier/telegram.go:196.2,196.12 1 1
hourglass-rejections-rpa/internal/notifier/telegram.go:200.96,201.27 1 1
hourglass-rejections-rpa/internal/notifier/telegram.go:201.27,203.3 1 1
hourglass-rejections-rpa/internal/notifier/telegram.go:205.2,207.32 3 1
hourglass-rejections-rpa/internal/notifier/telegram.go:207.32,209.3 1 0
hourglass-rejections-rpa/internal/notifier/telegram.go:211.2,211.29 1 1
hourglass-rejections-rpa/internal/notifier/telegram.go:211.29,224.3 3 0
hourglass-rejections-rpa/internal/notifier/telegram.go:227.2,227.26 1 1
hourglass-rejections-rpa/internal/notifier/telegram.go:227.26,229.3 1 0
hourglass-rejections-rpa/internal/notifier/telegram.go:231.2,240.4 2 1
hourglass-rejections-rpa/internal/notifier/telegram.go:244.97,245.27 1 1
hourglass-rejections-rpa/internal/notifier/telegram.go:245.27,247.3 1 1
hourglass-rejections-rpa/internal/notifier/telegram.go:249.2,252.29 3 1
hourglass-rejections-rpa/internal/notifier/telegram.go:252.29,259.3 2 1
hourglass-rejections-rpa/internal/notifier/telegram.go:261.2,261.26 1 1
hourglass-rejections-rpa/internal/notifier/telegram.go:261.26,263.3 1 0
hourglass-rejections-rpa/internal/notifier/telegram.go:265.2,266.16 2 1
hourglass-rejections-rpa/internal/notifier/telegram.go:266.16,273.3 2 0
hourglass-rejections-rpa/internal/notifier/telegram.go:275.2,280.4 1 1
hourglass-rejections-rpa/internal/notifier/telegram.go:284.97,285.27 1 1
hourglass-rejections-rpa/internal/notifier/telegram.go:285.27,287.3 1 1
hourglass-rejections-rpa/internal/notifier/telegram.go:289.2,292.29 3 1
hourglass-rejections-rpa/internal/notifier/telegram.go:292.29,299.3 2 1
hourglass-rejections-rpa/internal/notifier/telegram.go:301.2,301.26 1 1
hourglass-rejections-rpa/internal/notifier/telegram.go:301.26,303.3 1 0
hourglass-rejections-rpa/internal/notifier/telegram.go:305.2,306.16 2 1
hourglass-rejections-rpa/internal/notifier/telegram.go:306.16,313.3 2 0
hourglass-rejections-rpa/internal/notifier/telegram.go:315.2,318.38 3 1
hourglass-rejections-rpa/internal/notifier/telegram.go:318.38,319.48 1 1
hourglass-rejections-rpa/internal/notifier/telegram.go:319.48,321.4 1 0
hourglass-rejections-rpa/internal/notifier/telegram.go:321.9,323.4 1 1
hourglass-rejections-rpa/internal/notifier/telegram.go:326.2,326.18 1 1
hourglass-rejections-rpa/internal/notifier/telegram.go:326.18,328.3 1 1
hourglass-rejections-rpa/internal/notifier/telegram.go:328.8,330.3 1 0
hourglass-rejections-rpa/internal/notifier/telegram.go:332.2,336.4 1 1
hourglass-rejections-rpa/internal/notifier/telegram.go:340.95,341.27 1 1
hourglass-rejections-rpa/internal/notifier/telegram.go:341.27,343.3 1 1
hourglass-rejections-rpa/internal/notifier/telegram.go:345.2,356.4 2 1
hourglass-rejections-rpa/internal/notifier/telegram.go:360.99,361.27 1 1
hourglass-rejections-rpa/internal/notifier/telegram.go:361.27,363.3 1 1
hourglass-rejections-rpa/internal/notifier/telegram.go:365.2,367.29 2 1
hourglass-rejections-rpa/internal/notifier/telegram.go:367.29,374.3 2 1
hourglass-rejections-rpa/internal/notifier/telegram.go:376.2,386.21 5 1
hourglass-rejections-rpa/internal/notifier/telegram.go:386.21,393.3 2 1
hourglass-rejections-rpa/internal/notifier/telegram.go:395.2,395.12 1 1
hourglass-rejections-rpa/internal/notifier/telegram.go:395.12,396.47 1 1
hourglass-rejections-rpa/internal/notifier/telegram.go:396.47,402.4 1 0
hourglass-rejections-rpa/internal/notifier/telegram.go:407.104,408.33 1 1
hourglass-rejections-rpa/internal/notifier/telegram.go:408.33,410.3 1 1
hourglass-rejections-rpa/internal/notifier/telegram.go:412.2,414.29 2 1
hourglass-rejections-rpa/internal/notifier/telegram.go:414.29,421.3 2 0
hourglass-rejections-rpa/internal/notifier/telegram.go:424.2,429.26 2 1
hourglass-rejections-rpa/internal/notifier/telegram.go:429.26,431.3 1 1
hourglass-rejections-rpa/internal/notifier/telegram.go:433.2,439.16 4 1
hourglass-rejections-rpa/internal/notifier/telegram.go:439.16,441.3 1 0
hourglass-rejections-rpa/internal/notifier/telegram.go:444.2,445.40 2 1
hourglass-rejections-rpa/internal/notifier/telegram.go:445.40,447.3 1 1
hourglass-rejections-rpa/internal/notifier/telegram.go:447.8,449.3 1 1
hourglass-rejections-rpa/internal/notifier/telegram.go:450.2,456.49 3 1
hourglass-rejections-rpa/internal/notifier/telegram.go:456.49,462.3 1 1
hourglass-rejections-rpa/internal/notifier/telegram.go:466.95,467.33 1 1
hourglass-rejections-rpa/internal/notifier/telegram.go:467.33,469.3 1 1
hourglass-rejections-rpa/internal/notifier/telegram.go:471.2,473.29 2 1
hourglass-rejections-rpa/internal/notifier/telegram.go:473.29,480.3 2 0
hourglass-rejections-rpa/internal/notifier/telegram.go:483.2,488.26 2 1
hourglass-rejections-rpa/internal/notifier/telegram.go:488.26,490.3 1 1
hourglass-rejections-rpa/internal/notifier/telegram.go:492.2,495.16 3 1
hourglass-rejections-rpa/internal/notifier/telegram.go:495.16,497.3 1 0
hourglass-rejections-rpa/internal/notifier/telegram.go:500.2,503.31 3 1
hourglass-rejections-rpa/internal/notifier/telegram.go:503.31,505.3 1 1
hourglass-rejections-rpa/internal/notifier/telegram.go:505.8,507.37 2 0
hourglass-rejections-rpa/internal/notifier/telegram.go:507.37,509.4 1 0
hourglass-rejections-rpa/internal/notifier/telegram.go:513.2,513.49 1 1
hourglass-rejections-rpa/internal/notifier/telegram.go:513.49,520.3 1 1
hourglass-rejections-rpa/internal/notifier/telegram.go:524.97,525.33 1 1
hourglass-rejections-rpa/internal/notifier/telegram.go:525.33,527.3 1 1
hourglass-rejections-rpa/internal/notifier/telegram.go:529.2,531.29 2 1
hourglass-rejections-rpa/internal/notifier/telegram.go:531.29,538.3 2 0
hourglass-rejections-rpa/internal/notifier/telegram.go:541.2,547.49 2 1
hourglass-rejections-rpa/internal/notifier/telegram.go:547.49,554.3 1 1
hourglass-rejections-rpa/internal/notifier/telegram.go:558.101,561.38 2 1
hourglass-rejections-rpa/internal/notifier/telegram.go:561.38,563.48 2 1
hourglass-rejections-rpa/internal/notifier/telegram.go:563.48,565.4 1 1
hourglass-rejections-rpa/internal/notifier/telegram.go:565.9,567.4 1 1
hourglass-rejections-rpa/internal/notifier/telegram.go:569.3,571.5 1 1
hourglass-rejections-rpa/internal/notifier/telegram.go:575.2,582.3 2 1
hourglass-rejections-rpa/internal/notifier/telegram.go:586.62,587.29 1 1
hourglass-rejections-rpa/internal/notifier/telegram.go:587.29,588.19 1 1
hourglass-rejections-rpa/internal/notifier/telegram.go:588.19,590.4 1 1
hourglass-rejections-rpa/internal/notifier/telegram.go:592.2,592.14 1 1
hourglass-rejections-rpa/internal/notifier/telegram.go:596.64,598.29 2 1
hourglass-rejections-rpa/internal/notifier/telegram.go:598.29,599.19 1 1
hourglass-rejections-rpa/internal/notifier/telegram.go:599.19,601.4 1 1
hourglass-rejections-rpa/internal/notifier/telegram.go:603.2,603.15 1 1
hourglass-rejections-rpa/internal/scraper/playwright.go:45.109,53.2 1 1
hourglass-rejections-rpa/internal/scraper/playwright.go:56.62,58.16 2 1
hourglass-rejections-rpa/internal/scraper/playwright.go:58.16,60.3 1 1
hourglass-rejections-rpa/internal/scraper/playwright.go:61.2,66.16 3 0
hourglass-rejections-rpa/internal/scraper/playwright.go:66.16,69.3 2 0
hourglass-rejections-rpa/internal/scraper/playwright.go:70.2,74.16 3 0
hourglass-rejections-rpa/internal/scraper/playwright.go:74.16,76.3 1 0
hourglass-rejections-rpa/internal/scraper/playwright.go:78.2,79.16 2 0
hourglass-rejections-rpa/internal/scraper/playwright.go:79.16,83.3 3 0
hourglass-rejections-rpa/internal/scraper/playwright.go:84.2,87.22 2 0
hourglass-rejections-rpa/internal/scraper/playwright.go:87.22,89.62 2 0
hourglass-rejections-rpa/internal/scraper/playwright.go:89.62,91.4 1 0
hourglass-rejections-rpa/internal/scraper/playwright.go:94.2,95.16 2 0
hourglass-rejections-rpa/internal/scraper/playwright.go:95.16,100.3 4 0
hourglass-rejections-rpa/internal/scraper/playwright.go:101.2,104.12 3 0
hourglass-rejections-rpa/internal/scraper/playwright.go:109.62,112.58 2 1
hourglass-rejections-rpa/internal/scraper/playwright.go:112.58,115.45 2 1
hourglass-rejections-rpa/internal/scraper/playwright.go:115.45,119.33 3 1
hourglass-rejections-rpa/internal/scraper/playwright.go:119.33,121.5 1 1
hourglass-rejections-rpa/internal/scraper/playwright.go:122.4,122.12 1 1
hourglass-rejections-rpa/internal/scraper/playwright.go:126.3,126.51 1 0
hourglass-rejections-rpa/internal/scraper/playwright.go:126.51,128.4 1 0
hourglass-rejections-rpa/internal/scraper/playwright.go:130.3,131.13 2 0
hourglass-rejections-rpa/internal/scraper/playwright.go:134.2,134.106 1 1
hourglass-rejections-rpa/internal/scraper/playwright.go:138.69,139.19 1 1
hourglass-rejections-rpa/internal/scraper/playwright.go:139.19,141.3 1 1
hourglass-rejections-rpa/internal/scraper/playwright.go:143.2,147.17 2 0
hourglass-rejections-rpa/internal/scraper/playwright.go:147.17,149.3 1 0
hourglass-rejections-rpa/internal/scraper/playwright.go:152.2,156.17 2 0
hourglass-rejections-rpa/internal/scraper/playwright.go:156.17,158.3 1 0
hourglass-rejections-rpa/internal/scraper/playwright.go:161.2,161.68 1 0
hourglass-rejections-rpa/internal/scraper/playwright.go:161.68,163.3 1 0
hourglass-rejections-rpa/internal/scraper/playwright.go:166.2,166.74 1 0
hourglass-rejections-rpa/internal/scraper/playwright.go:166.74,168.3 1 0
hourglass-rejections-rpa/internal/scraper/playwright.go:171.2,171.63 1 0
hourglass-rejections-rpa/internal/scraper/playwright.go:171.63,173.3 1 0
hourglass-rejections-rpa/internal/scraper/playwright.go:176.2,179.17 2 0
hourglass-rejections-rpa/internal/scraper/playwright.go:179.17,183.19 1 0
hourglass-rejections-rpa/internal/scraper/playwright.go:183.19,185.4 1 0
hourglass-rejections-rpa/internal/scraper/playwright.go:188.2,188.12 1 0
hourglass-rejections-rpa/internal/scraper/playwright.go:192.80,193.19 1 1
hourglass-rejections-rpa/internal/scraper/playwright.go:193.19,195.3 1 1
hourglass-rejections-rpa/internal/scraper/playwright.go:197.2,198.16 2 0
hourglass-rejections-rpa/internal/scraper/playwright.go:198.16,200.3 1 0
hourglass-rejections-rpa/internal/scraper/playwright.go:202.2,202.28 1 0
hourglass-rejections-rpa/internal/scraper/playwright.go:202.28,203.43 1 0
hourglass-rejections-rpa/internal/scraper/playwright.go:203.43,205.4 1 0
hourglass-rejections-rpa/internal/scraper/playwright.go:208.2,208.19 1 0
hourglass-rejections-rpa/internal/scraper/playwright.go:213.106,216.19 2 1
hourglass-rejections-rpa/internal/scraper/playwright.go:216.19,218.3 1 1
hourglass-rejections-rpa/internal/scraper/playwright.go:220.2,221.16 2 0
hourglass-rejections-rpa/internal/scraper/playwright.go:221.16,223.3 1 0
hourglass-rejections-rpa/internal/scraper/playwright.go:224.2,224.20 1 0
hourglass-rejections-rpa/internal/scraper/playwright.go:224.20,226.3 1 0
hourglass-rejections-rpa/internal/scraper/playwright.go:228.2,236.20 3 0
hourglass-rejections-rpa/internal/scraper/playwright.go:240.43,243.19 2 1
hourglass-rejections-rpa/internal/scraper/playwright.go:243.19,244.40 1 0
hourglass-rejections-rpa/internal/scraper/playwright.go:244.40,246.4 1 0
hourglass-rejections-rpa/internal/scraper/playwright.go:249.2,249.22 1 1
hourglass-rejections-rpa/internal/scraper/playwright.go:249.22,250.43 1 0
hourglass-rejections-rpa/internal/scraper/playwright.go:250.43,252.4 1 0
hourglass-rejections-rpa/internal/scraper/playwright.go:255.2,255.22 1 1
hourglass-rejections-rpa/internal/scraper/playwright.go:255.22,256.43 1 0
hourglass-rejections-rpa/internal/scraper/playwright.go:256.43,258.4 1 0
hourglass-rejections-rpa/internal/scraper/playwright.go:261.2,261.17 1 1
hourglass-rejections-rpa/internal/scraper/playwright.go:261.17,262.37 1 0
hourglass-rejections-rpa/internal/scraper/playwright.go:262.37,264.4 1 0
hourglass-rejections-rpa/internal/scraper/playwright.go:267.2,267.19 1 1
hourglass-rejections-rpa/internal/scraper/playwright.go:267.19,269.3 1 0
hourglass-rejections-rpa/internal/scraper/playwright.go:271.2,272.12 2 1
hourglass-rejections-rpa/internal/scraper/playwright.go:276.59,278.16 2 0
hourglass-rejections-rpa/internal/scraper/playwright.go:278.16,280.3 1 0
hourglass-rejections-rpa/internal/scraper/playwright.go:282.2,285.34 3 0
hourglass-rejections-rpa/internal/scraper/playwright.go:285.34,287.3 1 0
hourglass-rejections-rpa/internal/scraper/playwright.go:289.2,289.45 1 0
hourglass-rejections-rpa/internal/scraper/playwright.go:293.79,295.30 2 1
hourglass-rejections-rpa/internal/scraper/playwright.go:295.30,305.3 1 1
hourglass-rejections-rpa/internal/scraper/playwright.go:306.2,306.16 1 1
hourglass-rejections-rpa/internal/scraper/playwright.go:310.85,312.28 2 1
hourglass-rejections-rpa/internal/scraper/playwright.go:312.28,323.3 2 1
hourglass-rejections-rpa/internal/scraper/playwright.go:324.2,324.18 1 1
hourglass-rejections-rpa/internal/sentry/sentry.go:23.39,24.19 1 1
hourglass-rejections-rpa/internal/sentry/sentry.go:24.19,26.3 1 1
hourglass-rejections-rpa/internal/sentry/sentry.go:28.2,33.16 2 1
hourglass-rejections-rpa/internal/sentry/sentry.go:33.16,35.3 1 1
hourglass-rejections-rpa/internal/sentry/sentry.go:37.2,37.36 1 1
hourglass-rejections-rpa/internal/sentry/sentry.go:41.73,42.30 1 1
hourglass-rejections-rpa/internal/sentry/sentry.go:42.30,44.3 1 1
hourglass-rejections-rpa/internal/sentry/sentry.go:46.2,46.19 1 1
hourglass-rejections-rpa/internal/sentry/sentry.go:46.19,48.34 2 1
hourglass-rejections-rpa/internal/sentry/sentry.go:48.34,50.4 1 1
hourglass-rejections-rpa/internal/sentry/sentry.go:51.3,51.31 1 1
hourglass-rejections-rpa/internal/sentry/sentry.go:52.8,54.3 1 1
hourglass-rejections-rpa/internal/sentry/sentry.go:58.63,59.16 1 1
hourglass-rejections-rpa/internal/sentry/sentry.go:59.16,61.3 1 1
hourglass-rejections-rpa/internal/sentry/sentry.go:63.2,63.45 1 1
hourglass-rejections-rpa/internal/sentry/sentry.go:63.45,66.3 2 1
hourglass-rejections-rpa/internal/sentry/sentry.go:70.47,71.16 1 1
hourglass-rejections-rpa/internal/sentry/sentry.go:71.16,73.3 1 1
hourglass-rejections-rpa/internal/sentry/sentry.go:75.2,75.23 1 1
hourglass-rejections-rpa/internal/sentry/sentry.go:79.26,80.16 1 1
hourglass-rejections-rpa/internal/sentry/sentry.go:80.16,82.3 1 1
hourglass-rejections-rpa/internal/sentry/sentry.go:84.2,84.31 1 1
hourglass-rejections-rpa/internal/sentry/sentry.go:88.44,89.15 1 1
hourglass-rejections-rpa/internal/sentry/sentry.go:90.15,91.27 1 1
hourglass-rejections-rpa/internal/sentry/sentry.go:92.14,93.26 1 1
hourglass-rejections-rpa/internal/sentry/sentry.go:94.25,95.29 1 1
hourglass-rejections-rpa/internal/sentry/sentry.go:96.15,97.27 1 1
hourglass-rejections-rpa/internal/sentry/sentry.go:98.15,99.27 1 1
hourglass-rejections-rpa/internal/sentry/sentry.go:100.10,101.26 1 1
hourglass-rejections-rpa/internal/sentry/sentry.go:106.35,108.2 1 1
hourglass-rejections-rpa/internal/storage/json.go:27.43,32.2 1 1
hourglass-rejections-rpa/internal/storage/json.go:34.85,35.56 1 1
hourglass-rejections-rpa/internal/storage/json.go:35.56,37.3 1 1
hourglass-rejections-rpa/internal/storage/json.go:39.2,43.61 4 1
hourglass-rejections-rpa/internal/storage/json.go:43.61,45.3 1 1
hourglass-rejections-rpa/internal/storage/json.go:47.2,47.59 1 1
hourglass-rejections-rpa/internal/storage/json.go:47.59,49.3 1 1
hourglass-rejections-rpa/internal/storage/json.go:51.2,51.12 1 1
hourglass-rejections-rpa/internal/storage/json.go:54.85,56.16 2 1
hourglass-rejections-rpa/internal/storage/json.go:56.16,58.3 1 1
hourglass-rejections-rpa/internal/storage/json.go:61.2,61.59 1 1
hourglass-rejections-rpa/internal/storage/json.go:61.59,63.3 1 1
hourglass-rejections-rpa/internal/storage/json.go:65.2,65.12 1 1
hourglass-rejections-rpa/internal/storage/json.go:68.84,70.16 2 1
hourglass-rejections-rpa/internal/storage/json.go:70.16,72.3 1 1
hourglass-rejections-rpa/internal/storage/json.go:73.2,75.37 2 1
hourglass-rejections-rpa/internal/storage/json.go:78.81,83.45 3 1
hourglass-rejections-rpa/internal/storage/json.go:83.45,85.3 1 0
hourglass-rejections-rpa/internal/storage/json.go:88.2,88.30 1 1
hourglass-rejections-rpa/internal/storage/json.go:88.30,96.43 2 1
hourglass-rejections-rpa/internal/storage/json.go:96.43,98.4 1 1
hourglass-rejections-rpa/internal/storage/json.go:101.2,102.39 2 1
hourglass-rejections-rpa/internal/storage/json.go:102.39,104.3 1 1
hourglass-rejections-rpa/internal/storage/json.go:106.2,106.12 1 1
hourglass-rejections-rpa/internal/storage/json.go:109.63,111.16 2 1
hourglass-rejections-rpa/internal/storage/json.go:111.16,112.25 1 1
hourglass-rejections-rpa/internal/storage/json.go:112.25,114.4 1 1
hourglass-rejections-rpa/internal/storage/json.go:115.3,115.64 1 1
hourglass-rejections-rpa/internal/storage/json.go:118.2,119.55 2 1
hourglass-rejections-rpa/internal/storage/json.go:119.55,121.3 1 1
hourglass-rejections-rpa/internal/storage/json.go:123.2,123.21 1 1
hourglass-rejections-rpa/internal/storage/json.go:126.67,128.16 2 1
hourglass-rejections-rpa/internal/storage/json.go:128.16,130.3 1 1
hourglass-rejections-rpa/internal/storage/json.go:133.2,133.64 1 1
hourglass-rejections-rpa/internal/storage/json.go:133.64,135.3 1 1
hourglass-rejections-rpa/internal/storage/json.go:137.2,137.12 1 1
hourglass-rejections-rpa/internal/bot/runner.go:43.125,50.2 1 1
hourglass-rejections-rpa/internal/bot/runner.go:52.57,55.2 2 1
hourglass-rejections-rpa/internal/bot/runner.go:57.83,60.2 2 1
hourglass-rejections-rpa/internal/bot/runner.go:62.57,65.2 2 1
hourglass-rejections-rpa/internal/bot/runner.go:67.97,69.2 1 1
hourglass-rejections-rpa/internal/bot/runner.go:71.52,75.24 3 1
hourglass-rejections-rpa/internal/bot/runner.go:75.24,77.3 1 1
hourglass-rejections-rpa/internal/bot/runner.go:77.8,80.17 3 1
hourglass-rejections-rpa/internal/bot/runner.go:80.17,82.4 1 1
hourglass-rejections-rpa/internal/bot/runner.go:83.3,83.63 1 1
hourglass-rejections-rpa/internal/bot/runner.go:83.63,85.4 1 1
hourglass-rejections-rpa/internal/bot/runner.go:88.2,91.23 3 1
hourglass-rejections-rpa/internal/bot/runner.go:91.23,93.3 1 1
hourglass-rejections-rpa/internal/bot/runner.go:93.8,95.18 2 1
hourglass-rejections-rpa/internal/bot/runner.go:95.18,97.4 1 1
hourglass-rejections-rpa/internal/bot/runner.go:99.3,101.25 3 1
hourglass-rejections-rpa/internal/bot/runner.go:101.25,103.4 1 1
hourglass-rejections-rpa/internal/bot/runner.go:105.3,107.17 3 1
hourglass-rejections-rpa/internal/bot/runner.go:107.17,109.4 1 1
hourglass-rejections-rpa/internal/bot/runner.go:110.3,110.21 1 1
hourglass-rejections-rpa/internal/bot/runner.go:113.2,113.74 1 1
hourglass-rejections-rpa/internal/bot/runner.go:113.74,116.3 2 1
hourglass-rejections-rpa/internal/bot/runner.go:118.2,120.57 2 1
hourglass-rejections-rpa/internal/bot/runner.go:120.57,122.3 1 1
hourglass-rejections-rpa/internal/bot/runner.go:124.2,128.40 3 1
hourglass-rejections-rpa/internal/bot/runner.go:128.40,130.3 1 1
hourglass-rejections-rpa/internal/bot/runner.go:132.2,133.12 2 1
hourglass-rejections-rpa/internal/bot/runner.go:136.127,141.16 4 1
hourglass-rejections-rpa/internal/bot/runner.go:141.16,144.3 2 1
hourglass-rejections-rpa/internal/bot/runner.go:146.2,146.17 1 1
hourglass-rejections-rpa/internal/bot/runner.go:146.17,149.3 2 1
hourglass-rejections-rpa/internal/bot/runner.go:151.2,154.28 3 1
hourglass-rejections-rpa/internal/bot/runner.go:154.28,157.3 2 1
hourglass-rejections-rpa/internal/bot/runner.go:159.2,160.39 2 1
hourglass-rejections-rpa/internal/bot/runner.go:160.39,165.17 4 1
hourglass-rejections-rpa/internal/bot/runner.go:165.17,167.12 2 1
hourglass-rejections-rpa/internal/bot/runner.go:170.3,170.26 1 1
hourglass-rejections-rpa/internal/bot/runner.go:170.26,172.12 2 1
hourglass-rejections-rpa/internal/bot/runner.go:175.3,176.32 2 1
hourglass-rejections-rpa/internal/bot/runner.go:176.32,178.4 1 1
hourglass-rejections-rpa/internal/bot/runner.go:181.2,184.29 3 1
hourglass-rejections-rpa/internal/bot/runner.go:184.29,187.3 2 1
hourglass-rejections-rpa/internal/bot/runner.go:189.2,190.66 2 1
hourglass-rejections-rpa/internal/bot/runner.go:193.81,197.23 3 1
hourglass-rejections-rpa/internal/bot/runner.go:197.23,200.3 2 1
hourglass-rejections-rpa/internal/bot/runner.go:202.2,203.17 2 1
hourglass-rejections-rpa/internal/bot/runner.go:203.17,206.3 2 1
hourglass-rejections-rpa/internal/bot/runner.go:208.2,213.16 5 1
hourglass-rejections-rpa/internal/bot/runner.go:213.16,216.3 2 1
hourglass-rejections-rpa/internal/bot/runner.go:218.2,218.55 1 1
hourglass-rejections-rpa/internal/bot/runner.go:221.98,222.23 1 1
hourglass-rejections-rpa/internal/bot/runner.go:222.23,224.3 1 1
hourglass-rejections-rpa/internal/bot/runner.go:226.2,227.17 2 1
hourglass-rejections-rpa/internal/bot/runner.go:227.17,229.3 1 1
hourglass-rejections-rpa/internal/bot/runner.go:231.2,234.16 4 1
hourglass-rejections-rpa/internal/bot/runner.go:234.16,236.3 1 1
hourglass-rejections-rpa/internal/bot/runner.go:238.2,238.61 1 1
hourglass-rejections-rpa/internal/bot/runner.go:241.44,244.18 3 1
hourglass-rejections-rpa/internal/bot/runner.go:244.18,246.3 1 1
hourglass-rejections-rpa/internal/bot/runner.go:247.2,247.24 1 1
hourglass-rejections-rpa/internal/bot/runner.go:247.24,249.3 1 1
hourglass-rejections-rpa/internal/bot/runner.go:250.2,250.24 1 1
hourglass-rejections-rpa/internal/bot/runner.go:250.24,251.58 1 1
hourglass-rejections-rpa/internal/bot/runner.go:251.58,253.18 2 1
hourglass-rejections-rpa/internal/bot/runner.go:253.18,254.13 1 1
hourglass-rejections-rpa/internal/bot/runner.go:256.4,256.37 1 1
hourglass-rejections-rpa/internal/bot/runner.go:259.2,259.18 1 1
