mode: set
hourglass-rejections-rpa/internal/api/analyzer.go:20.50,27.2 1 1
hourglass-rejections-rpa/internal/api/analyzer.go:30.49,32.2 1 1
hourglass-rejections-rpa/internal/api/analyzer.go:35.52,37.2 1 1
hourglass-rejections-rpa/internal/api/analyzer.go:41.81,45.27 2 1
hourglass-rejections-rpa/internal/api/analyzer.go:45.27,46.39 1 1
hourglass-rejections-rpa/internal/api/analyzer.go:46.39,52.4 1 1
hourglass-rejections-rpa/internal/api/analyzer.go:55.2,58.17 3 1
hourglass-rejections-rpa/internal/api/analyzer.go:59.42,60.46 1 1
hourglass-rejections-rpa/internal/api/analyzer.go:61.28,62.36 1 1
hourglass-rejections-rpa/internal/api/analyzer.go:63.49,64.48 1 1
hourglass-rejections-rpa/internal/api/analyzer.go:65.51,66.46 1 1
hourglass-rejections-rpa/internal/api/analyzer.go:67.10,72.9 1 1
hourglass-rejections-rpa/internal/api/analyzer.go:75.2,75.16 1 1
hourglass-rejections-rpa/internal/api/analyzer.go:75.16,81.3 1 1
hourglass-rejections-rpa/internal/api/analyzer.go:83.2,89.8 1 1
hourglass-rejections-rpa/internal/api/analyzer.go:93.41,95.16 2 1
hourglass-rejections-rpa/internal/api/analyzer.go:95.16,97.3 1 1
hourglass-rejections-rpa/internal/api/analyzer.go:99.2,99.23 1 1
hourglass-rejections-rpa/internal/api/analyzer.go:99.23,101.3 1 1
hourglass-rejections-rpa/internal/api/analyzer.go:103.2,103.12 1 1
hourglass-rejections-rpa/internal/api/analyzer.go:107.54,108.41 1 1
hourglass-rejections-rpa/internal/api/analyzer.go:108.41,109.28 1 1
hourglass-rejections-rpa/internal/api/analyzer.go:109.28,111.4 1 1
hourglass-rejections-rpa/internal/api/analyzer.go:112.3,112.61 1 1
hourglass-rejections-rpa/internal/api/analyzer.go:114.2,114.39 1 1
hourglass-rejections-rpa/internal/api/analyzer.go:119.75,125.16 4 1
hourglass-rejections-rpa/internal/api/analyzer.go:125.16,127.3 1 1
hourglass-rejections-rpa/internal/api/analyzer.go:129.2,132.38 3 1
hourglass-rejections-rpa/internal/api/analyzer.go:132.38,134.33 1 1
hourglass-rejections-rpa/internal/api/analyzer.go:134.33,142.4 1 1
hourglass-rejections-rpa/internal/api/analyzer.go:145.2,145.23 1 1
hourglass-rejections-rpa/internal/api/analyzer.go:149.48,151.21 2 1
hourglass-rejections-rpa/internal/api/analyzer.go:151.21,153.3 1 1
hourglass-rejections-rpa/internal/api/analyzer.go:154.2,154.62 1 1
hourglass-rejections-rpa/internal/api/analyzer.go:158.50,159.18 1 1
hourglass-rejections-rpa/internal/api/analyzer.go:160.13,161.39 1 1
hourglass-rejections-rpa/internal/api/analyzer.go:162.15,163.18 1 1
hourglass-rejections-rpa/internal/api/analyzer.go:164.17,165.19 1 1
hourglass-rejections-rpa/internal/api/analyzer.go:166.14,167.21 1 1
hourglass-rejections-rpa/internal/api/analyzer.go:168.19,169.21 1 1
hourglass-rejections-rpa/internal/api/analyzer.go:170.16,171.31 1 1
hourglass-rejections-rpa/internal/api/analyzer.go:172.12,173.29 1 1
hourglass-rejections-rpa/internal/api/analyzer.go:174.10,175.18 1 1
hourglass-rejections-rpa/internal/api/analyzer.go:181.65,187.16 4 1
hourglass-rejections-rpa/internal/api/analyzer.go:187.16,189.3 1 1
hourglass-rejections-rpa/internal/api/analyzer.go:191.2,194.38 3 1
hourglass-rejections-rpa/internal/api/analyzer.go:194.38,196.33 1 1
hourglass-rejections-rpa/internal/api/analyzer.go:196.33,204.4 1 1
hourglass-rejections-rpa/internal/api/analyzer.go:207.2,207.23 1 1
hourglass-rejections-rpa/internal/api/analyzer.go:212.77,218.16 4 1
hourglass-rejections-rpa/internal/api/analyzer.go:218.16,220.3 1 1
hourglass-rejections-rpa/internal/api/analyzer.go:222.2,225.38 3 1
hourglass-rejections-rpa/internal/api/analyzer.go:225.38,227.33 1 1
hourglass-rejections-rpa/internal/api/analyzer.go:227.33,235.4 1 1
hourglass-rejections-rpa/internal/api/analyzer.go:238.2,238.23 1 1
hourglass-rejections-rpa/internal/api/analyzer.go:242.75,247.16 4 1
hourglass-rejections-rpa/internal/api/analyzer.go:247.16,249.3 1 1
hourglass-rejections-rpa/internal/api/analyzer.go:252.2,253.16 2 1
hourglass-rejections-rpa/internal/api/analyzer.go:253.16,255.3 1 1
hourglass-rejections-rpa/internal/api/analyzer.go:258.2,259.35 2 1
hourglass-rejections-rpa/internal/api/analyzer.go:259.35,261.36 1 1
hourglass-rejections-rpa/internal/api/analyzer.go:261.36,263.4 1 1
hourglass-rejections-rpa/internal/api/analyzer.go:265.3,265.35 1 1
hourglass-rejections-rpa/internal/api/analyzer.go:265.35,267.4 1 1
hourglass-rejections-rpa/internal/api/analyzer.go:269.3,269.36 1 1
hourglass-rejections-rpa/internal/api/analyzer.go:269.36,271.4 1 1
hourglass-rejections-rpa/internal/api/analyzer.go:274.2,277.38 3 1
hourglass-rejections-rpa/internal/api/analyzer.go:277.38,278.33 1 1
hourglass-rejections-rpa/internal/api/analyzer.go:278.33,281.19 2 1
hourglass-rejections-rpa/internal/api/analyzer.go:281.19,283.5 1 1
hourglass-rejections-rpa/internal/api/analyzer.go:285.4,291.6 1 1
hourglass-rejections-rpa/internal/api/analyzer.go:295.2,295.23 1 1
hourglass-rejections-rpa/internal/api/analyzer.go:299.42,300.14 1 1
hourglass-rejections-rpa/internal/api/analyzer.go:301.14,302.25 1 1
hourglass-rejections-rpa/internal/api/analyzer.go:303.10,304.28 1 1
hourglass-rejections-rpa/internal/api/analyzer.go:305.10,306.21 1 1
hourglass-rejections-rpa/internal/api/analyzer.go:307.10,308.20 1 1
hourglass-rejections-rpa/internal/api/analyzer.go:309.10,310.33 1 1
hourglass-rejections-rpa/internal/api/analyzer.go:311.10,312.30 1 1
hourglass-rejections-rpa/internal/api/analyzer.go:313.10,314.53 1 1
hourglass-rejections-rpa/internal/api/analyzer.go:319.72,323.35 3 1
hourglass-rejections-rpa/internal/api/analyzer.go:323.35,326.3 2 1
hourglass-rejections-rpa/internal/api/analyzer.go:328.2,328.21 1 1
hourglass-rejections-rpa/internal/api/client.go:26.26,35.2 2 1
hourglass-rejections-rpa/internal/api/client.go:38.44,40.2 1 0
hourglass-rejections-rpa/internal/api/client.go:43.45,45.2 1 1
hourglass-rejections-rpa/internal/api/client.go:49.45,53.16 3 1
hourglass-rejections-rpa/internal/api/client.go:53.16,55.3 1 1
hourglass-rejections-rpa/internal/api/client.go:57.2,61.16 4 1
hourglass-rejections-rpa/internal/api/client.go:61.16,63.3 1 1
hourglass-rejections-rpa/internal/api/client.go:64.2,66.38 2 1
hourglass-rejections-rpa/internal/api/client.go:66.38,69.3 2 1
hourglass-rejections-rpa/internal/api/client.go:71.2,72.69 2 1
hourglass-rejections-rpa/internal/api/client.go:72.69,74.3 1 1
hourglass-rejections-rpa/internal/api/client.go:76.2,76.28 1 1
hourglass-rejections-rpa/internal/api/client.go:81.76,85.16 3 1
hourglass-rejections-rpa/internal/api/client.go:85.16,87.3 1 1
hourglass-rejections-rpa/internal/api/client.go:89.2,93.16 4 1
hourglass-rejections-rpa/internal/api/client.go:93.16,95.3 1 1
hourglass-rejections-rpa/internal/api/client.go:96.2,98.38 2 1
hourglass-rejections-rpa/internal/api/client.go:98.38,101.3 2 1
hourglass-rejections-rpa/internal/api/client.go:103.2,104.71 2 1
hourglass-rejections-rpa/internal/api/client.go:104.71,106.3 1 1
hourglass-rejections-rpa/internal/api/client.go:108.2,108.24 1 1
hourglass-rejections-rpa/internal/api/client.go:113.80,117.16 3 1
hourglass-rejections-rpa/internal/api/client.go:117.16,119.3 1 1
hourglass-rejections-rpa/internal/api/client.go:121.2,125.16 4 1
hourglass-rejections-rpa/internal/api/client.go:125.16,127.3 1 1
hourglass-rejections-rpa/internal/api/client.go:128.2,130.38 2 1
hourglass-rejections-rpa/internal/api/client.go:130.38,133.3 2 1
hourglass-rejections-rpa/internal/api/client.go:135.2,136.69 2 1
hourglass-rejections-rpa/internal/api/client.go:136.69,138.3 1 1
hourglass-rejections-rpa/internal/api/client.go:140.2,140.22 1 1
hourglass-rejections-rpa/internal/api/client.go:145.96,149.16 3 1
hourglass-rejections-rpa/internal/api/client.go:149.16,151.3 1 1
hourglass-rejections-rpa/internal/api/client.go:153.2,157.16 4 1
hourglass-rejections-rpa/internal/api/client.go:157.16,159.3 1 1
hourglass-rejections-rpa/internal/api/client.go:160.2,162.38 2 1
hourglass-rejections-rpa/internal/api/client.go:162.38,165.3 2 1
hourglass-rejections-rpa/internal/api/client.go:167.2,168.74 2 1
hourglass-rejections-rpa/internal/api/client.go:168.74,170.3 1 1
hourglass-rejections-rpa/internal/api/client.go:172.2,172.27 1 1
hourglass-rejections-rpa/internal/api/client.go:176.48,179.23 3 1
hourglass-rejections-rpa/internal/api/client.go:179.23,181.3 1 1
hourglass-rejections-rpa/internal/api/client.go:185.48,186.21 1 1
hourglass-rejections-rpa/internal/api/client.go:186.21,192.3 1 0
